<?xml version="1.0" encoding="UTF-8"?>
<!-- Generated by org.testng.reporters.JUnitReportReporter -->
<testsuite skipped="0" hostname="DESKTOP-KHIEM2O" name="test1.AppTest" tests="1" failures="0" timestamp="2021-11-11T18:17:07 UZT" time="0.010" errors="0">
  <testcase name="shouldAnswerWithTrue" time="0.010" classname="test1.AppTest"/>
  <system-out/>
</testsuite> <!-- test1.AppTest -->
