<?xml version="1.0" encoding="UTF-8"?>
<!-- Generated by org.testng.reporters.JUnitReportReporter -->
<testsuite skipped="0" hostname="DESKTOP-KHIEM2O" name="test1.KeyboardTest" tests="1" failures="0" timestamp="2021-11-12T07:40:37 UZT" time="17.152" errors="0">
  <testcase name="keyboardValidation" time="17.152" classname="test1.KeyboardTest"/>
  <system-out/>
</testsuite> <!-- test1.KeyboardTest -->
