<?xml version="1.0" encoding="UTF-8"?>
<!-- Generated by org.testng.reporters.JUnitReportReporter -->
<testsuite skipped="0" hostname="DESKTOP-KHIEM2O" name="test1.LoginApplication" tests="2" failures="0" timestamp="2021-11-11T17:23:52 UZT" time="27.170" errors="0">
  <testcase name="search" time="20.069" classname="test1.LoginApplication"/>
  <system-out/>
  <testcase name="search1" time="7.101" classname="test1.LoginApplication"/>
  <system-out/>
</testsuite> <!-- test1.LoginApplication -->
