<?xml version="1.0" encoding="UTF-8"?>
<!-- Generated by org.testng.reporters.JUnitReportReporter -->
<testsuite skipped="0" hostname="DESKTOP-KHIEM2O" name="test1.HomePageTest" tests="7" failures="0" timestamp="2021-11-12T10:27:45 UZT" time="6.313" errors="0">
  <testcase name="emptySearchValidation" time="0.221" classname="test1.HomePageTest"/>
  <system-out/>
  <testcase name="weatherBarValidation" time="0.054" classname="test1.HomePageTest"/>
  <system-out/>
  <testcase name="servicesBarValidation" time="0.182" classname="test1.HomePageTest"/>
  <system-out/>
  <testcase name="loginBarValidation" time="0.506" classname="test1.HomePageTest"/>
  <system-out/>
  <testcase name="topNewsBarValidation" time="0.069" classname="test1.HomePageTest"/>
  <system-out/>
  <testcase name="sideBarValidation" time="2.090" classname="test1.HomePageTest"/>
  <system-out/>
  <testcase name="feedBarValidation" time="3.191" classname="test1.HomePageTest"/>
  <system-out/>
</testsuite> <!-- test1.HomePageTest -->
