<?xml version="1.0" encoding="UTF-8"?>
<!-- Generated by org.testng.reporters.JUnitReportReporter -->
<testsuite skipped="0" hostname="DESKTOP-KHIEM2O" name="test1.Demo" tests="2" failures="0" timestamp="2021-11-12T00:11:08 UZT" time="20.295" errors="0">
  <testcase name="abc" time="10.545" classname="test1.Demo"/>
  <system-out/>
  <testcase name="abc" time="9.750" classname="test1.Demo"/>
  <system-out/>
</testsuite> <!-- test1.Demo -->
