<?xml version="1.0" encoding="UTF-8"?>
<!-- Generated by org.testng.reporters.JUnitReportReporter -->
<testsuite skipped="0" hostname="DESKTOP-KHIEM2O" name="test1.SearchVoiceTest" tests="1" failures="0" timestamp="2021-11-12T10:27:46 UZT" time="2.555" errors="0">
  <testcase name="keyboardValidation" time="2.555" classname="test1.SearchVoiceTest"/>
  <system-out/>
</testsuite> <!-- test1.SearchVoiceTest -->
