<?xml version="1.0" encoding="UTF-8"?>
<!-- Generated by org.testng.reporters.JUnitReportReporter -->
<testsuite skipped="0" hostname="DESKTOP-KHIEM2O" name="test1.LoginMailTest" tests="1" failures="0" timestamp="2021-11-12T10:27:46 UZT" time="12.345" errors="0">
  <testcase name="loginMailValidation" time="12.345" classname="test1.LoginMailTest"/>
  <system-out/>
</testsuite> <!-- test1.LoginMailTest -->
