<?xml version="1.0" encoding="UTF-8"?>
<!-- Generated by org.testng.reporters.JUnitReportReporter -->
<testsuite skipped="0" hostname="DESKTOP-KHIEM2O" name="test1.LoginAppTest" tests="1" failures="0" timestamp="2021-11-12T10:55:25 UZT" time="9.959" errors="0">
  <testcase name="loginAppValidation" time="9.959" classname="test1.LoginAppTest"/>
  <system-out/>
</testsuite> <!-- test1.LoginAppTest -->
