<?xml version="1.0" encoding="UTF-8"?>
<!-- Generated by org.testng.reporters.JUnitReportReporter -->
<testsuite skipped="0" hostname="DESKTOP-KHIEM2O" name="test1.HomePageTest" tests="7" failures="0" timestamp="2021-11-12T10:55:25 UZT" time="6.625" errors="0">
  <testcase name="weatherBarValidation" time="0.060" classname="test1.HomePageTest"/>
  <system-out/>
  <testcase name="topNewsBarValidation" time="0.198" classname="test1.HomePageTest"/>
  <system-out/>
  <testcase name="servicesBarValidation" time="0.118" classname="test1.HomePageTest"/>
  <system-out/>
  <testcase name="emptySearchValidation" time="0.588" classname="test1.HomePageTest"/>
  <system-out/>
  <testcase name="feedBarValidation" time="3.200" classname="test1.HomePageTest"/>
  <system-out/>
  <testcase name="sideBarValidation" time="1.904" classname="test1.HomePageTest"/>
  <system-out/>
  <testcase name="loginBarValidation" time="0.557" classname="test1.HomePageTest"/>
  <system-out/>
</testsuite> <!-- test1.HomePageTest -->
