<?xml version="1.0" encoding="UTF-8"?>
<!-- Generated by org.testng.reporters.JUnitReportReporter -->
<testsuite skipped="0" hostname="DESKTOP-KHIEM2O" name="test1.LoginDisklTest2" tests="1" failures="0" timestamp="2021-11-12T10:55:25 UZT" time="18.199" errors="0">
  <testcase name="loginMailValidation" time="18.199" classname="test1.LoginDisklTest2"/>
  <system-out/>
</testsuite> <!-- test1.LoginDisklTest2 -->
