<?xml version="1.0" encoding="UTF-8"?>
<!-- Generated by org.testng.reporters.JUnitReportReporter -->
<testsuite skipped="0" hostname="DESKTOP-KHIEM2O" name="test1.SearchBoxTest" tests="1" failures="0" timestamp="2021-11-12T10:55:25 UZT" time="4.163" errors="0">
  <testcase name="searchValidation" time="4.163" classname="test1.SearchBoxTest"/>
  <system-out/>
</testsuite> <!-- test1.SearchBoxTest -->
